{
  "stats": {
    "suites": 1,
    "tests": 6,
    "passes": 6,
    "pending": 0,
    "failures": 0,
    "start": "2024-05-28T15:52:18.570Z",
    "end": "2024-05-28T15:52:34.290Z",
    "duration": 15720,
    "testsRegistered": 17,
    "passPercent": 35.294117647058826,
    "pendingPercent": 0,
    "other": 0,
    "hasOther": false,
    "skipped": 11,
    "hasSkipped": true
  },
  "results": [
    {
      "uuid": "9ae7c92e-81c3-4394-9ec6-d71ac7f8b94d",
      "title": "",
      "fullFile": "",
      "file": "",
      "beforeHooks": [],
      "afterHooks": [],
      "tests": [],
      "suites": [
        {
          "uuid": "8214d733-fca9-4205-bc23-f39d8770c9cf",
          "title": "Get List Of All Objects",
          "fullFile": "C:\\Users\\ACER\\Documents\\APITEST\\test\\GET_List_of_all_object.js",
          "file": "\\test\\GET_List_of_all_object.js",
          "beforeHooks": [],
          "afterHooks": [],
          "tests": [
            {
              "title": "Succes Get List Of Objects ",
              "fullTitle": "Get List Of All Objects Succes Get List Of Objects ",
              "timedOut": false,
              "duration": 0,
              "state": null,
              "speed": null,
              "pass": false,
              "fail": false,
              "pending": false,
              "context": null,
              "code": "const response = await getlistObjects ()\n// console.log(response.body)\nexpect(response.status).equal(200)\nexpect(response.body)",
              "err": {},
              "uuid": "b0cb82a7-4505-4ffd-890a-70819bd1d200",
              "parentUUID": null,
              "isHook": false,
              "skipped": true
            }
          ],
          "suites": [],
          "passes": [],
          "failures": [],
          "pending": [],
          "skipped": [
            "b0cb82a7-4505-4ffd-890a-70819bd1d200"
          ],
          "duration": 0,
          "root": false,
          "rootEmpty": false,
          "_timeout": 10000
        },
        {
          "uuid": "51450632-adbd-4d16-a199-adbd9745530e",
          "title": "Get object",
          "fullFile": "C:\\Users\\ACER\\Documents\\APITEST\\test\\GET_object.js",
          "file": "\\test\\GET_object.js",
          "beforeHooks": [],
          "afterHooks": [],
          "tests": [
            {
              "title": "succes get object",
              "fullTitle": "Get object succes get object",
              "timedOut": false,
              "duration": 0,
              "state": null,
              "speed": null,
              "pass": false,
              "fail": false,
              "pending": false,
              "context": null,
              "code": "const response = await supertest('https://api.restful-api.dev/').get('/objects/7')\nconsole.log(response.body)\nexpect(response.status).equal(200)\nexpect(response.body.name).equal('Apple MacBook Pro 16')",
              "err": {},
              "uuid": "b60aa653-afb0-4b02-8459-22c371331864",
              "parentUUID": null,
              "isHook": false,
              "skipped": true
            }
          ],
          "suites": [],
          "passes": [],
          "failures": [],
          "pending": [],
          "skipped": [
            "b60aa653-afb0-4b02-8459-22c371331864"
          ],
          "duration": 0,
          "root": false,
          "rootEmpty": false,
          "_timeout": 10000
        },
        {
          "uuid": "7fe4a634-1e88-4216-8939-5829550a0ff6",
          "title": "End-to-end Contacts",
          "fullFile": "C:\\Users\\ACER\\Documents\\APITEST\\test\\GET_USER.js",
          "file": "\\test\\GET_USER.js",
          "beforeHooks": [],
          "afterHooks": [],
          "tests": [
            {
              "title": "Register / Add User ",
              "fullTitle": "End-to-end Contacts Register / Add User ",
              "timedOut": false,
              "duration": 0,
              "state": null,
              "speed": null,
              "pass": false,
              "fail": false,
              "pending": false,
              "context": null,
              "code": "const response = await getUSER ()\nconsole.log(response.body)\nexpect(response.status).equal(200)\n// globalVariable = response.body.token\nexpect(response.body)",
              "err": {},
              "uuid": "78ffcc6b-902d-40b1-af6a-1948c4b4656d",
              "parentUUID": null,
              "isHook": false,
              "skipped": true
            },
            {
              "title": "Login / Get User Profile ",
              "fullTitle": "End-to-end Contacts Login / Get User Profile ",
              "timedOut": false,
              "duration": 0,
              "state": null,
              "speed": null,
              "pass": false,
              "fail": false,
              "pending": false,
              "context": null,
              "code": "const response = await getUserProfile()\nconsole.log(response.body)\nexpect(response.status).equal(200)\n// globalVariable = response.body.token\nexpect(response.body)",
              "err": {},
              "uuid": "d8f6a6d2-fb60-4ac5-8f66-c2f77cfbfafa",
              "parentUUID": null,
              "isHook": false,
              "skipped": true
            },
            {
              "title": "ADD Contact ",
              "fullTitle": "End-to-end Contacts ADD Contact ",
              "timedOut": false,
              "duration": 0,
              "state": null,
              "speed": null,
              "pass": false,
              "fail": false,
              "pending": false,
              "context": null,
              "code": "const response = await getContact ()\nconsole.log(response.body)\nexpect(response.status).equal(201)\n// globalVariable = response.body.token\nexpect(response.body)",
              "err": {},
              "uuid": "07c38de0-bbc2-4b53-9dca-9686ae756f61",
              "parentUUID": null,
              "isHook": false,
              "skipped": true
            },
            {
              "title": "Get Contact ",
              "fullTitle": "End-to-end Contacts Get Contact ",
              "timedOut": false,
              "duration": 0,
              "state": null,
              "speed": null,
              "pass": false,
              "fail": false,
              "pending": false,
              "context": null,
              "code": "const response = await getContact ()\nconsole.log(response.body)\nexpect(response.status).equal(200)\n// globalVariable = response.body.token\nexpect(response.body)",
              "err": {},
              "uuid": "6db29d4b-34e9-4ab9-b89e-d343d373bd21",
              "parentUUID": null,
              "isHook": false,
              "skipped": true
            },
            {
              "title": "Update Contact ",
              "fullTitle": "End-to-end Contacts Update Contact ",
              "timedOut": false,
              "duration": 0,
              "state": null,
              "speed": null,
              "pass": false,
              "fail": false,
              "pending": false,
              "context": null,
              "code": "const response = await UpdateContact ()\nconsole.log(response.body)\nexpect(response.status).equal(200)\n// globalVariable = response.body.token\nexpect(response.body)",
              "err": {},
              "uuid": "2076a191-0d22-4dcd-9c41-bf8da0b4d4ea",
              "parentUUID": null,
              "isHook": false,
              "skipped": true
            },
            {
              "title": "Get Contact List",
              "fullTitle": "End-to-end Contacts Get Contact List",
              "timedOut": false,
              "duration": 0,
              "state": null,
              "speed": null,
              "pass": false,
              "fail": false,
              "pending": false,
              "context": null,
              "code": "const response = await getContact ()\nconsole.log(response.body)\nexpect(response.status).equal(200)\n// globalVariable = response.body.token\nexpect(response.body)",
              "err": {},
              "uuid": "41ed1eff-6df5-42ad-be8b-83dc7ffcd1c1",
              "parentUUID": null,
              "isHook": false,
              "skipped": true
            },
            {
              "title": "Succes Get list Of Objects ",
              "fullTitle": "End-to-end Contacts Succes Get list Of Objects ",
              "timedOut": false,
              "duration": 0,
              "state": null,
              "speed": null,
              "pass": false,
              "fail": false,
              "pending": false,
              "context": null,
              "code": "const response = await getUSER ()\nconsole.log(response.body)\nexpect(response.status).equal(200)\n// globalVariable = response.body.token\nexpect(response.body)",
              "err": {},
              "uuid": "339bf941-c3e1-498b-a0ae-939163f09cbc",
              "parentUUID": null,
              "isHook": false,
              "skipped": true
            }
          ],
          "suites": [],
          "passes": [],
          "failures": [],
          "pending": [],
          "skipped": [
            "78ffcc6b-902d-40b1-af6a-1948c4b4656d",
            "d8f6a6d2-fb60-4ac5-8f66-c2f77cfbfafa",
            "07c38de0-bbc2-4b53-9dca-9686ae756f61",
            "6db29d4b-34e9-4ab9-b89e-d343d373bd21",
            "2076a191-0d22-4dcd-9c41-bf8da0b4d4ea",
            "41ed1eff-6df5-42ad-be8b-83dc7ffcd1c1",
            "339bf941-c3e1-498b-a0ae-939163f09cbc"
          ],
          "duration": 0,
          "root": false,
          "rootEmpty": false,
          "_timeout": 10000
        },
        {
          "uuid": "24a8bab5-11a7-4a16-bb71-9116f1f77855",
          "title": "Patch List Of All Objects",
          "fullFile": "C:\\Users\\ACER\\Documents\\APITEST\\test\\PATCH_objects.js",
          "file": "\\test\\PATCH_objects.js",
          "beforeHooks": [],
          "afterHooks": [],
          "tests": [
            {
              "title": "Succes Patch Of Objects ",
              "fullTitle": "Patch List Of All Objects Succes Patch Of Objects ",
              "timedOut": false,
              "duration": 0,
              "state": null,
              "speed": null,
              "pass": false,
              "fail": false,
              "pending": false,
              "context": null,
              "code": "const getResponse = await getObjects (\n   'ff808181eeb2234018ef9c9d705f27'\n        )\n        console.log(getResponse.body)\n        const response = await patchObjects ( '7',  \n   testData.succesPatch\n   )\n        console.log(response.body)\n        expect(response.status).equal(200)\n        expect(response.body)",
              "err": {},
              "uuid": "5f14d0ff-4ea8-456e-a3f9-cd6aa8728021",
              "parentUUID": null,
              "isHook": false,
              "skipped": true
            }
          ],
          "suites": [],
          "passes": [],
          "failures": [],
          "pending": [],
          "skipped": [
            "5f14d0ff-4ea8-456e-a3f9-cd6aa8728021"
          ],
          "duration": 0,
          "root": false,
          "rootEmpty": false,
          "_timeout": 10000
        },
        {
          "uuid": "e1f348d4-4288-4142-90ef-27e23cb89b0a",
          "title": "Post object",
          "fullFile": "C:\\Users\\ACER\\Documents\\APITEST\\test\\POST_object .js",
          "file": "\\test\\POST_object .js",
          "beforeHooks": [],
          "afterHooks": [],
          "tests": [
            {
              "title": "succes post object",
              "fullTitle": "Post object succes post object",
              "timedOut": false,
              "duration": 0,
              "state": null,
              "speed": null,
              "pass": false,
              "fail": false,
              "pending": false,
              "context": null,
              "code": "const response = await supertest('https://api.restful-api.dev/').post('/objects').send({\n        \"name\": \"Apple MacBook Pro 16\",\n        \"data\": {\n           \"year\": 2019,\n           \"price\": 1849.99,\n           \"CPU model\": \"Intel Core i9\",\n           \"Hard disk size\": \"1 TB\"\n        }\n     })\nconsole.log(response.body)\nexpect(response.status).equal(200)\nexpect(response.body.name).equal('Apple MacBook Pro 16')",
              "err": {},
              "uuid": "98b19c18-b83a-4fa8-a1f9-dbdbc41762c1",
              "parentUUID": null,
              "isHook": false,
              "skipped": true
            }
          ],
          "suites": [],
          "passes": [],
          "failures": [],
          "pending": [],
          "skipped": [
            "98b19c18-b83a-4fa8-a1f9-dbdbc41762c1"
          ],
          "duration": 0,
          "root": false,
          "rootEmpty": false,
          "_timeout": 10000
        },
        {
          "uuid": "833413e2-5b7c-4519-ac36-ce2b0385a3aa",
          "title": "Tugas End-to-end Contacts",
          "fullFile": "C:\\Users\\ACER\\Documents\\APITEST\\test\\tugas.js",
          "file": "\\test\\tugas.js",
          "beforeHooks": [],
          "afterHooks": [],
          "tests": [
            {
              "title": "Login User ",
              "fullTitle": "Tugas End-to-end Contacts Login User ",
              "timedOut": false,
              "duration": 2317,
              "state": "passed",
              "speed": "slow",
              "pass": true,
              "fail": false,
              "pending": false,
              "context": null,
              "code": "const response = await login()\nconsole.log(response.body)\nexpect(response.status).equal(200)\nglobalVariable.token = response.body.token\nexpect(response.body)",
              "err": {},
              "uuid": "e51bca48-3f53-415b-a459-adad0700d1b4",
              "parentUUID": "833413e2-5b7c-4519-ac36-ce2b0385a3aa",
              "isHook": false,
              "skipped": false
            },
            {
              "title": "Get User Profile",
              "fullTitle": "Tugas End-to-end Contacts Get User Profile",
              "timedOut": false,
              "duration": 3250,
              "state": "passed",
              "speed": "slow",
              "pass": true,
              "fail": false,
              "pending": false,
              "context": null,
              "code": "const response = await getUserProfile(globalVariable.token)\nconsole.log(response.body)\nexpect(response.status).equal(200)\n// globalVariable.token = response.body.token\nexpect(response.body)",
              "err": {},
              "uuid": "853d876c-2241-4e80-a6a9-2c25449a0453",
              "parentUUID": "833413e2-5b7c-4519-ac36-ce2b0385a3aa",
              "isHook": false,
              "skipped": false
            },
            {
              "title": "Add Contact",
              "fullTitle": "Tugas End-to-end Contacts Add Contact",
              "timedOut": false,
              "duration": 2357,
              "state": "passed",
              "speed": "slow",
              "pass": true,
              "fail": false,
              "pending": false,
              "context": null,
              "code": "const response = await addContact(globalVariable.token)\nconsole.log(response.body)\nexpect(response.status).equal(201)\nexpect(response.body)",
              "err": {},
              "uuid": "fee7c583-7ff0-4257-920a-59e2b3535d07",
              "parentUUID": "833413e2-5b7c-4519-ac36-ce2b0385a3aa",
              "isHook": false,
              "skipped": false
            },
            {
              "title": "Get Contact List",
              "fullTitle": "Tugas End-to-end Contacts Get Contact List",
              "timedOut": false,
              "duration": 2103,
              "state": "passed",
              "speed": "slow",
              "pass": true,
              "fail": false,
              "pending": false,
              "context": null,
              "code": "const response = await getContactList(globalVariable.token)\nconsole.log(response.body)\nexpect(response.status).equal(200)\nexpect(response.body)",
              "err": {},
              "uuid": "860e24e3-7398-4048-8a98-a851d444cf9a",
              "parentUUID": "833413e2-5b7c-4519-ac36-ce2b0385a3aa",
              "isHook": false,
              "skipped": false
            },
            {
              "title": "Get Contact By Id",
              "fullTitle": "Tugas End-to-end Contacts Get Contact By Id",
              "timedOut": false,
              "duration": 2296,
              "state": "passed",
              "speed": "slow",
              "pass": true,
              "fail": false,
              "pending": false,
              "context": null,
              "code": "const response = await getContactById(globalVariable.token, '662ceca71ecd8c0013712c3e')\nconsole.log(response.body)\nexpect(response.status).equal(200)\nexpect(response.body)",
              "err": {},
              "uuid": "9d7e4b9e-a001-4d01-b7b8-60aa38831044",
              "parentUUID": "833413e2-5b7c-4519-ac36-ce2b0385a3aa",
              "isHook": false,
              "skipped": false
            },
            {
              "title": "Update Contact",
              "fullTitle": "Tugas End-to-end Contacts Update Contact",
              "timedOut": false,
              "duration": 3381,
              "state": "passed",
              "speed": "slow",
              "pass": true,
              "fail": false,
              "pending": false,
              "context": null,
              "code": "const response = await updateContact(globalVariable.token, '662ceca71ecd8c0013712c3e')\nconsole.log(response.body)\nexpect(response.status).equal(200)\nexpect(response.body)",
              "err": {},
              "uuid": "3dbf5538-9aaa-4084-8b73-e20562cf0bd2",
              "parentUUID": "833413e2-5b7c-4519-ac36-ce2b0385a3aa",
              "isHook": false,
              "skipped": false
            }
          ],
          "suites": [],
          "passes": [
            "e51bca48-3f53-415b-a459-adad0700d1b4",
            "853d876c-2241-4e80-a6a9-2c25449a0453",
            "fee7c583-7ff0-4257-920a-59e2b3535d07",
            "860e24e3-7398-4048-8a98-a851d444cf9a",
            "9d7e4b9e-a001-4d01-b7b8-60aa38831044",
            "3dbf5538-9aaa-4084-8b73-e20562cf0bd2"
          ],
          "failures": [],
          "pending": [],
          "skipped": [],
          "duration": 15704,
          "root": false,
          "rootEmpty": false,
          "_timeout": 10000
        }
      ],
      "passes": [],
      "failures": [],
      "pending": [],
      "skipped": [],
      "duration": 0,
      "root": true,
      "rootEmpty": true,
      "_timeout": 10000
    }
  ],
  "meta": {
    "mocha": {
      "version": "10.4.0"
    },
    "mochawesome": {
      "options": {
        "quiet": false,
        "reportFilename": "mochawesome",
        "saveHtml": true,
        "saveJson": true,
        "consoleReporter": "spec",
        "useInlineDiffs": false,
        "code": true
      },
      "version": "7.1.3"
    },
    "marge": {
      "options": {
        "autoOpen": "true"
      },
      "version": "6.2.0"
    }
  }
}